info it worked if it ends with ok
verbose cli [ 'C:\\Program Files\\nodejs\\\\node.exe',
verbose cli   'C:\\Program Files\\nodejs\\node_modules\\npm\\bin\\npm-cli.js',
verbose cli   'install',
verbose cli   '-g',
verbose cli   'etpm' ]
info using npm@1.1.0-alpha-2
info using node@v0.6.3
verbose config file C:\Users\jade.zhangjin\.npmrc
verbose config file C:\Program Files\etc\npmrc
verbose config file C:\Program Files\nodejs\node_modules\npm\npmrc
verbose mkdir done: C:\Program Files\nodejs 755
verbose into C:\Program Files\nodejs [ 'etpm' ]
verbose cache add etpm
verbose cache add [ 'etpm', null ]
silly cache add: name, spec, args [ undefined, 'etpm', [ 'etpm', null ] ]
verbose parsed url { pathname: 'etpm', path: 'etpm', href: 'etpm' }
info addNamed [ 'etpm', '' ]
verbose addNamed [ null, '' ]
verbose GET etpm
verbose raw, before any munging etpm
verbose url resolving [ 'https://registry.npmjs.org/', './etpm' ]
verbose url resolved https://registry.npmjs.org/etpm
verbose etag "9ZGR2TR67E7RU5GLOO91YH548"
silly get cb [ 304,
silly get cb   { server: 'CouchDB/1.1.0 (Erlang OTP/R14B04)',
silly get cb     etag: '"9ZGR2TR67E7RU5GLOO91YH548"',
silly get cb     date: 'Thu, 22 Dec 2011 07:35:03 GMT',
silly get cb     'content-length': '0' } ]
verbose etag etpm from cache
verbose mkdir done: C:\Users\jade.zhangjin\npm-cache\etpm 755
verbose GET etpm/0.1.1-dev
verbose raw, before any munging etpm/0.1.1-dev
verbose url resolving [ 'https://registry.npmjs.org/', './etpm/0.1.1-dev' ]
verbose url resolved https://registry.npmjs.org/etpm/0.1.1-dev
verbose etag "9ZGR2TR67E7RU5GLOO91YH548"
silly get cb [ 304,
silly get cb   { server: 'CouchDB/1.1.0 (Erlang OTP/R14B04)',
silly get cb     etag: '"9ZGR2TR67E7RU5GLOO91YH548"',
silly get cb     date: 'Thu, 22 Dec 2011 07:35:05 GMT',
silly get cb     'content-length': '0' } ]
verbose etag etpm/0.1.1-dev from cache
verbose mkdir done: C:\Users\jade.zhangjin\npm-cache\etpm\0.1.1-dev 755
verbose bin dist [ '0.6-ares1.7.5-DEV-evundefined-openssl0.9.8r-v83.6.6.8-win32-ia32-6.1.7600',
verbose bin dist   { shasum: '2b2c44e19a37fd29933e3dcc7ec1e14bf47dd890',
verbose bin dist     tarball: 'http://registry.npmjs.org/etpm/-/etpm-0.1.1-dev.tgz' } ]
verbose caching C:\Users\jade.zhangjin\npm-cache\etpm\0.1.1-dev\package\package.json
verbose loadDefaults etpm@0.1.1-dev
silly resolved [ { name: 'etpm',
silly resolved     version: '0.1.1-dev',
silly resolved     description: 'A Package Manager for ET',
silly resolved     homepage: 'https://github.com/zjhiphop/etpm',
silly resolved     keywords: [ 'etpm', 'module', 'package', 'optimization', 'tool' ],
silly resolved     author: { name: 'Jade Zhang', email: 'zjhiphop@gmail.com' },
silly resolved     contributors: [ { name: 'Jade Zhang', email: 'zjhiphop@gmail.com' } ],
silly resolved     engines: { node: '>= 0.5.0' },
silly resolved     dependencies: { 'uglify-js': '>= 1.1.1', mkdirp: '0.0.7', commander: '0.3.2' },
silly resolved     repository: { type: 'git', url: 'git@github.com:zjhiphop/ETPM.git' },
silly resolved     main: './lib/etpm.js',
silly resolved     bin: { etpm: './bin/etpm' },
silly resolved     scripts: { prepublish: 'npm prune' },
silly resolved     preferGlobal: true,
silly resolved     _npmUser: { name: 'zjhiphop', email: 'zjhiphop@gmail.com' },
silly resolved     _id: 'etpm@0.1.1-dev',
silly resolved     devDependencies: {},
silly resolved     _engineSupported: true,
silly resolved     _npmVersion: '1.1.0-alpha-2',
silly resolved     _nodeVersion: 'v0.6.3',
silly resolved     _defaultsLoaded: true } ]
info into C:\Program Files\nodejs etpm@0.1.1-dev
info installOne etpm@0.1.1-dev
info unbuild C:\Program Files\nodejs\node_modules\etpm
verbose from cache C:\Users\jade.zhangjin\npm-cache\etpm\0.1.1-dev\package\package.json
verbose mkdir (expected) error ENOENT, no such file or directory 'C:\Program Files\nodejs\node_modules\___etpm.npm'
verbose mkdir done: C:\Program Files\nodejs\node_modules\___etpm.npm 755
verbose unpack_ uid, gid [ undefined, undefined ]
verbose unpackTarget C:\Program Files\nodejs\node_modules\etpm
silly gunzTarPerm modes [ '755', '644' ]
silly afterUntar undefined
verbose gunzed C:\Program Files\nodejs\node_modules\___etpm.npm\package
verbose rm'ed C:\Program Files\nodejs\node_modules\etpm
verbose renamed [ 'C:\\Program Files\\nodejs\\node_modules\\___etpm.npm\\package',
verbose renamed   'C:\\Program Files\\nodejs\\node_modules\\etpm' ]
verbose caching C:\Program Files\nodejs\node_modules\etpm\package.json
verbose loadDefaults etpm@0.1.1-dev
info preinstall etpm@0.1.1-dev
verbose from cache C:\Program Files\nodejs\node_modules\etpm\package.json
verbose into C:\Program Files\nodejs\node_modules\etpm [ 'uglify-js@>= 1.1.1', 'mkdirp@0.0.7', 'commander@0.3.2' ]
verbose cache add mkdirp@0.0.7
verbose cache add [ 'mkdirp@0.0.7', null ]
silly cache add: name, spec, args [ undefined, 'mkdirp@0.0.7', [ 'mkdirp@0.0.7', null ] ]
verbose parsed url { pathname: 'mkdirp@0.0.7',
verbose parsed url   path: 'mkdirp@0.0.7',
verbose parsed url   href: 'mkdirp@0.0.7' }
silly cache add: name, spec, args [ 'mkdirp', '0.0.7', [ 'mkdirp', '0.0.7' ] ]
verbose parsed url { pathname: '0.0.7', path: '0.0.7', href: '0.0.7' }
info addNamed [ 'mkdirp', '0.0.7' ]
verbose addNamed [ '0.0.7', '0.0.7' ]
verbose cache add commander@0.3.2
verbose cache add [ 'commander@0.3.2', null ]
silly cache add: name, spec, args [ undefined, 'commander@0.3.2', [ 'commander@0.3.2', null ] ]
verbose parsed url { pathname: 'commander@0.3.2',
verbose parsed url   path: 'commander@0.3.2',
verbose parsed url   href: 'commander@0.3.2' }
silly cache add: name, spec, args [ 'commander', '0.3.2', [ 'commander', '0.3.2' ] ]
verbose parsed url { pathname: '0.3.2', path: '0.3.2', href: '0.3.2' }
info addNamed [ 'commander', '0.3.2' ]
verbose addNamed [ '0.3.2', '0.3.2' ]
verbose cache add uglify-js@>= 1.1.1
verbose cache add [ 'uglify-js@>= 1.1.1', null ]
silly cache add: name, spec, args [ undefined,
silly cache add: name, spec, args   'uglify-js@>= 1.1.1',
silly cache add: name, spec, args   [ 'uglify-js@>= 1.1.1', null ] ]
verbose parsed url { pathname: 'uglify-js@',
verbose parsed url   path: 'uglify-js@',
verbose parsed url   href: 'uglify-js@' }
silly cache add: name, spec, args [ 'uglify-js', '>= 1.1.1', [ 'uglify-js', '>= 1.1.1' ] ]
verbose parsed url { pathname: '=', path: '=', href: '=' }
info addNamed [ 'uglify-js', '>= 1.1.1' ]
verbose addNamed [ null, '>=1.1.1' ]
verbose GET mkdirp/0.0.7
verbose raw, before any munging mkdirp/0.0.7
verbose url resolving [ 'https://registry.npmjs.org/', './mkdirp/0.0.7' ]
verbose url resolved https://registry.npmjs.org/mkdirp/0.0.7
verbose etag "5WHVNJ2FH3UOG2S579H43WUYT"
verbose GET commander/0.3.2
verbose raw, before any munging commander/0.3.2
verbose url resolving [ 'https://registry.npmjs.org/', './commander/0.3.2' ]
verbose url resolved https://registry.npmjs.org/commander/0.3.2
verbose etag "AILSHOGYVMNNRLIFI57O7T9TT"
verbose GET uglify-js
verbose raw, before any munging uglify-js
verbose url resolving [ 'https://registry.npmjs.org/', './uglify-js' ]
verbose url resolved https://registry.npmjs.org/uglify-js
verbose etag "ASNR8PCJH5W4ZELSS63EYNMWJ"
silly get cb [ 304,
silly get cb   { server: 'CouchDB/1.1.0 (Erlang OTP/R14B04)',
silly get cb     etag: '"AILSHOGYVMNNRLIFI57O7T9TT"',
silly get cb     date: 'Thu, 22 Dec 2011 07:35:07 GMT',
silly get cb     'content-length': '0' } ]
verbose etag commander/0.3.2 from cache
silly get cb [ 304,
silly get cb   { server: 'CouchDB/1.1.0 (Erlang OTP/R14B04)',
silly get cb     etag: '"5WHVNJ2FH3UOG2S579H43WUYT"',
silly get cb     date: 'Thu, 22 Dec 2011 07:35:07 GMT',
silly get cb     'content-length': '0' } ]
verbose etag mkdirp/0.0.7 from cache
verbose mkdir done: C:\Users\jade.zhangjin\npm-cache\commander\0.3.2 755
verbose mkdir done: C:\Users\jade.zhangjin\npm-cache\mkdirp\0.0.7 755
verbose bin dist [ '0.6-ares1.7.5-DEV-evundefined-openssl0.9.8r-v83.6.6.8-win32-ia32-6.1.7600',
verbose bin dist   { shasum: '8a98a6b590d2abab04892739da8f8577da964961',
verbose bin dist     tarball: 'http://registry.npmjs.org/commander/-/commander-0.3.2.tgz' } ]
verbose bin dist [ '0.6-ares1.7.5-DEV-evundefined-openssl0.9.8r-v83.6.6.8-win32-ia32-6.1.7600',
verbose bin dist   { shasum: 'd89b4f0e4c3e5e5ca54235931675e094fe1a5072',
verbose bin dist     tarball: 'http://registry.npmjs.org/mkdirp/-/mkdirp-0.0.7.tgz' } ]
verbose caching C:\Users\jade.zhangjin\npm-cache\commander\0.3.2\package\package.json
verbose loadDefaults commander@0.3.2
verbose caching C:\Users\jade.zhangjin\npm-cache\mkdirp\0.0.7\package\package.json
verbose loadDefaults mkdirp@0.0.7
silly get cb [ 304,
silly get cb   { server: 'CouchDB/1.1.0 (Erlang OTP/R14B04)',
silly get cb     etag: '"ASNR8PCJH5W4ZELSS63EYNMWJ"',
silly get cb     date: 'Thu, 22 Dec 2011 07:35:07 GMT',
silly get cb     'content-length': '0' } ]
verbose etag uglify-js from cache
verbose mkdir done: C:\Users\jade.zhangjin\npm-cache\uglify-js 755
verbose GET uglify-js/1.2.2
verbose raw, before any munging uglify-js/1.2.2
verbose url resolving [ 'https://registry.npmjs.org/', './uglify-js/1.2.2' ]
verbose url resolved https://registry.npmjs.org/uglify-js/1.2.2
verbose etag "ASNR8PCJH5W4ZELSS63EYNMWJ"
silly get cb [ 304,
silly get cb   { server: 'CouchDB/1.1.0 (Erlang OTP/R14B04)',
silly get cb     etag: '"ASNR8PCJH5W4ZELSS63EYNMWJ"',
silly get cb     date: 'Thu, 22 Dec 2011 07:35:09 GMT',
silly get cb     'content-length': '0' } ]
verbose etag uglify-js/1.2.2 from cache
verbose mkdir done: C:\Users\jade.zhangjin\npm-cache\uglify-js\1.2.2 755
verbose bin dist [ '0.6-ares1.7.5-DEV-evundefined-openssl0.9.8r-v83.6.6.8-win32-ia32-6.1.7600',
verbose bin dist   { shasum: '76bc64ea1777c92d8d93bebaeec0ecba6e6fc075',
verbose bin dist     tarball: 'http://registry.npmjs.org/uglify-js/-/uglify-js-1.2.2.tgz' } ]
verbose caching C:\Users\jade.zhangjin\npm-cache\uglify-js\1.2.2\package\package.json
verbose loadDefaults uglify-js@1.2.2
silly resolved [ { name: 'commander',
silly resolved     version: '0.3.2',
silly resolved     description: 'the complete solution for node.js command-line programs',
silly resolved     keywords: [ 'command', 'option', 'parser', 'prompt', 'stdin' ],
silly resolved     author: { name: 'TJ Holowaychuk', email: 'tj@vision-media.ca' },
silly resolved     repository: 
silly resolved      { type: 'git',
silly resolved        url: 'git://github.com/visionmedia/commander.js.git' },
silly resolved     dependencies: {},
silly resolved     devDependencies: { should: '>= 0.0.1' },
silly resolved     main: 'index',
silly resolved     engines: { node: '>= 0.4.x < 0.7.0' },
silly resolved     _npmUser: { name: 'zjhiphop', email: 'zjhiphop@gmail.com' },
silly resolved     _id: 'commander@0.3.2',
silly resolved     _engineSupported: true,
silly resolved     _npmVersion: '1.1.0-alpha-2',
silly resolved     _nodeVersion: 'v0.6.3',
silly resolved     _defaultsLoaded: true,
silly resolved     scripts: {} },
silly resolved   { name: 'mkdirp',
silly resolved     description: 'Recursively mkdir, like `mkdir -p`',
silly resolved     version: '0.0.7',
silly resolved     author: 
silly resolved      { name: 'James Halliday',
silly resolved        email: 'mail@substack.net',
silly resolved        url: 'http://substack.net' },
silly resolved     main: './index',
silly resolved     keywords: [ 'mkdir', 'directory' ],
silly resolved     repository: 
silly resolved      { type: 'git',
silly resolved        url: 'git://github.com/substack/node-mkdirp.git' },
silly resolved     scripts: { test: 'node node_modules/tap/bin/tap.js test/*.js' },
silly resolved     devDependencies: { tap: '0.0.x' },
silly resolved     license: 'MIT/X11',
silly resolved     engines: { node: '*' },
silly resolved     _npmUser: { name: 'zjhiphop', email: 'zjhiphop@gmail.com' },
silly resolved     _id: 'mkdirp@0.0.7',
silly resolved     dependencies: {},
silly resolved     _engineSupported: true,
silly resolved     _npmVersion: '1.1.0-alpha-2',
silly resolved     _nodeVersion: 'v0.6.3',
silly resolved     _defaultsLoaded: true },
silly resolved   { name: 'uglify-js',
silly resolved     description: 'JavaScript parser and compressor/beautifier toolkit',
silly resolved     author: 
silly resolved      { name: 'Mihai Bazon',
silly resolved        email: 'mihai.bazon@gmail.com',
silly resolved        url: 'http://mihai.bazon.net/blog' },
silly resolved     version: '1.2.2',
silly resolved     main: './uglify-js.js',
silly resolved     bin: { uglifyjs: './bin/uglifyjs' },
silly resolved     repository: { type: 'git', url: 'git@github.com:mishoo/UglifyJS.git' },
silly resolved     _npmUser: { name: 'zjhiphop', email: 'zjhiphop@gmail.com' },
silly resolved     _id: 'uglify-js@1.2.2',
silly resolved     dependencies: {},
silly resolved     devDependencies: {},
silly resolved     engines: { node: '*' },
silly resolved     _engineSupported: true,
silly resolved     _npmVersion: '1.1.0-alpha-2',
silly resolved     _nodeVersion: 'v0.6.3',
silly resolved     _defaultsLoaded: true,
silly resolved     scripts: {} } ]
info into C:\Program Files\nodejs\node_modules\etpm commander@0.3.2
info into C:\Program Files\nodejs\node_modules\etpm mkdirp@0.0.7
info into C:\Program Files\nodejs\node_modules\etpm uglify-js@1.2.2
info installOne commander@0.3.2
info installOne mkdirp@0.0.7
info installOne uglify-js@1.2.2
info unbuild C:\Program Files\nodejs\node_modules\etpm\node_modules\commander
info unbuild C:\Program Files\nodejs\node_modules\etpm\node_modules\mkdirp
info unbuild C:\Program Files\nodejs\node_modules\etpm\node_modules\uglify-js
verbose from cache C:\Users\jade.zhangjin\npm-cache\commander\0.3.2\package\package.json
verbose from cache C:\Users\jade.zhangjin\npm-cache\mkdirp\0.0.7\package\package.json
verbose from cache C:\Users\jade.zhangjin\npm-cache\uglify-js\1.2.2\package\package.json
verbose mkdir (expected) error ENOENT, no such file or directory 'C:\Program Files\nodejs\node_modules\etpm\node_modules'
verbose mkdir (expected) error ENOENT, no such file or directory 'C:\Program Files\nodejs\node_modules\etpm\node_modules\___uglify-js.npm'
verbose mkdir (expected) error ENOENT, no such file or directory 'C:\Program Files\nodejs\node_modules\etpm\node_modules\___commander.npm'
verbose mkdir (expected) error ENOENT, no such file or directory 'C:\Program Files\nodejs\node_modules\etpm\node_modules\___mkdirp.npm'
verbose mkdir done: C:\Program Files\nodejs\node_modules\etpm\node_modules\___uglify-js.npm 755
verbose mkdir done: C:\Program Files\nodejs\node_modules\etpm\node_modules\___commander.npm 755
verbose unpack_ uid, gid [ undefined, undefined ]
verbose unpackTarget C:\Program Files\nodejs\node_modules\etpm\node_modules\uglify-js
silly gunzTarPerm modes [ '755', '644' ]
verbose mkdir done: C:\Program Files\nodejs\node_modules\etpm\node_modules\___mkdirp.npm 755
verbose unpack_ uid, gid [ undefined, undefined ]
verbose unpackTarget C:\Program Files\nodejs\node_modules\etpm\node_modules\commander
silly gunzTarPerm modes [ '755', '644' ]
verbose unpack_ uid, gid [ undefined, undefined ]
verbose unpackTarget C:\Program Files\nodejs\node_modules\etpm\node_modules\mkdirp
silly gunzTarPerm modes [ '755', '644' ]
silly afterUntar undefined
verbose gunzed C:\Program Files\nodejs\node_modules\etpm\node_modules\___mkdirp.npm\package
verbose rm'ed C:\Program Files\nodejs\node_modules\etpm\node_modules\mkdirp
verbose renamed [ 'C:\\Program Files\\nodejs\\node_modules\\etpm\\node_modules\\___mkdirp.npm\\package',
verbose renamed   'C:\\Program Files\\nodejs\\node_modules\\etpm\\node_modules\\mkdirp' ]
verbose caching C:\Program Files\nodejs\node_modules\etpm\node_modules\mkdirp\package.json
verbose loadDefaults mkdirp@0.0.7
info preinstall mkdirp@0.0.7
verbose from cache C:\Program Files\nodejs\node_modules\etpm\node_modules\mkdirp\package.json
verbose into C:\Program Files\nodejs\node_modules\etpm\node_modules\mkdirp []
silly resolved []
verbose about to build C:\Program Files\nodejs\node_modules\etpm\node_modules\mkdirp
info build C:\Program Files\nodejs\node_modules\etpm\node_modules\mkdirp
verbose from cache C:\Program Files\nodejs\node_modules\etpm\node_modules\mkdirp\package.json
verbose linkStuff [ true,
verbose linkStuff   'C:\\Program Files\\nodejs\\node_modules',
verbose linkStuff   false,
verbose linkStuff   'C:\\Program Files\\nodejs\\node_modules\\etpm\\node_modules' ]
info linkStuff mkdirp@0.0.7
verbose linkBins mkdirp@0.0.7
verbose linkMans mkdirp@0.0.7
verbose rebuildBundles mkdirp@0.0.7
info install mkdirp@0.0.7
info postinstall mkdirp@0.0.7
verbose installOne cb mkdirp@0.0.7
silly afterUntar undefined
verbose gunzed C:\Program Files\nodejs\node_modules\etpm\node_modules\___commander.npm\package
verbose rm'ed C:\Program Files\nodejs\node_modules\etpm\node_modules\commander
verbose renamed [ 'C:\\Program Files\\nodejs\\node_modules\\etpm\\node_modules\\___commander.npm\\package',
verbose renamed   'C:\\Program Files\\nodejs\\node_modules\\etpm\\node_modules\\commander' ]
verbose caching C:\Program Files\nodejs\node_modules\etpm\node_modules\commander\package.json
verbose loadDefaults commander@0.3.2
info preinstall commander@0.3.2
verbose from cache C:\Program Files\nodejs\node_modules\etpm\node_modules\commander\package.json
verbose into C:\Program Files\nodejs\node_modules\etpm\node_modules\commander []
silly resolved []
verbose about to build C:\Program Files\nodejs\node_modules\etpm\node_modules\commander
info build C:\Program Files\nodejs\node_modules\etpm\node_modules\commander
verbose from cache C:\Program Files\nodejs\node_modules\etpm\node_modules\commander\package.json
verbose linkStuff [ true,
verbose linkStuff   'C:\\Program Files\\nodejs\\node_modules',
verbose linkStuff   false,
verbose linkStuff   'C:\\Program Files\\nodejs\\node_modules\\etpm\\node_modules' ]
info linkStuff commander@0.3.2
verbose linkBins commander@0.3.2
verbose linkMans commander@0.3.2
verbose rebuildBundles commander@0.3.2
info install commander@0.3.2
info postinstall commander@0.3.2
verbose installOne cb commander@0.3.2
silly afterUntar undefined
verbose gunzed C:\Program Files\nodejs\node_modules\etpm\node_modules\___uglify-js.npm\package
verbose rm'ed C:\Program Files\nodejs\node_modules\etpm\node_modules\uglify-js
verbose renamed [ 'C:\\Program Files\\nodejs\\node_modules\\etpm\\node_modules\\___uglify-js.npm\\package',
verbose renamed   'C:\\Program Files\\nodejs\\node_modules\\etpm\\node_modules\\uglify-js' ]
verbose caching C:\Program Files\nodejs\node_modules\etpm\node_modules\uglify-js\package.json
verbose loadDefaults uglify-js@1.2.2
info preinstall uglify-js@1.2.2
verbose from cache C:\Program Files\nodejs\node_modules\etpm\node_modules\uglify-js\package.json
verbose into C:\Program Files\nodejs\node_modules\etpm\node_modules\uglify-js []
silly resolved []
verbose about to build C:\Program Files\nodejs\node_modules\etpm\node_modules\uglify-js
info build C:\Program Files\nodejs\node_modules\etpm\node_modules\uglify-js
verbose from cache C:\Program Files\nodejs\node_modules\etpm\node_modules\uglify-js\package.json
verbose linkStuff [ true,
verbose linkStuff   'C:\\Program Files\\nodejs\\node_modules',
verbose linkStuff   false,
verbose linkStuff   'C:\\Program Files\\nodejs\\node_modules\\etpm\\node_modules' ]
info linkStuff uglify-js@1.2.2
verbose linkBins uglify-js@1.2.2
verbose bins linking [ { uglifyjs: './bin/uglifyjs' },
verbose bins linking   'C:\\Program Files\\nodejs\\node_modules\\etpm\\node_modules\\.bin',
verbose bins linking   false ]
verbose linkMans uglify-js@1.2.2
verbose rebuildBundles uglify-js@1.2.2
verbose mkdir (expected) error ENOENT, no such file or directory 'C:\Program Files\nodejs\node_modules\etpm\node_modules\.bin'
verbose mkdir done: C:\Program Files\nodejs\node_modules\etpm\node_modules\.bin 755
info install uglify-js@1.2.2
info postinstall uglify-js@1.2.2
verbose installOne cb uglify-js@1.2.2
verbose about to build C:\Program Files\nodejs\node_modules\etpm
info build C:\Program Files\nodejs\node_modules\etpm
verbose from cache C:\Program Files\nodejs\node_modules\etpm\package.json
verbose linkStuff [ true,
verbose linkStuff   'C:\\Program Files\\nodejs\\node_modules',
verbose linkStuff   true,
verbose linkStuff   'C:\\Program Files\\nodejs\\node_modules' ]
info linkStuff etpm@0.1.1-dev
verbose linkBins etpm@0.1.1-dev
verbose bins linking [ { etpm: './bin/etpm' }, 'C:\\Program Files\\nodejs', true ]
verbose linkMans etpm@0.1.1-dev
verbose rebuildBundles etpm@0.1.1-dev
verbose rebuildBundles [ '.bin', 'commander', 'mkdirp', 'uglify-js' ]
ERR! error installing etpm@0.1.1-dev Error: ENOENT, no such file or directory 'C:\Program Files\nodejs\node_modules\etpm\bin\etpm'
info unbuild C:\Program Files\nodejs\node_modules\etpm
verbose from cache C:\Program Files\nodejs\node_modules\etpm\package.json
info preuninstall etpm@0.1.1-dev
info uninstall etpm@0.1.1-dev
verbose unbuild etpm@0.1.1-dev [ true,
verbose unbuild etpm@0.1.1-dev   'C:\\Program Files\\nodejs\\node_modules',
verbose unbuild etpm@0.1.1-dev   'C:\\Program Files\\nodejs\\node_modules' ]
verbose binRoot [ 'C:\\Program Files\\nodejs', { etpm: './bin/etpm' } ]
info postuninstall etpm@0.1.1-dev
verbose installOne cb etpm@0.1.1-dev
ERR! Error: ENOENT, no such file or directory 'C:\Program Files\nodejs\node_modules\etpm\bin\etpm'
ERR! Report this *entire* log at:
ERR!     <http://github.com/isaacs/npm/issues>
ERR! or email it to:
ERR!     <npm-@googlegroups.com>
ERR! 
ERR! System Windows_NT 6.1.7600
ERR! command "C:\\Program Files\\nodejs\\\\node.exe" "C:\\Program Files\\nodejs\\node_modules\\npm\\bin\\npm-cli.js" "install" "-g" "etpm"
ERR! cwd E:\EF_Work\ET-Refactor\ETPM
ERR! node -v v0.6.3
ERR! npm -v 1.1.0-alpha-2
ERR! path C:\Program Files\nodejs\node_modules\etpm\bin\etpm
ERR! code ENOENT
ERR! message ENOENT, no such file or directory 'C:\Program Files\nodejs\node_modules\etpm\bin\etpm'
verbose exit [ 1, true ]
